<?xml version="1.0" encoding="UTF-8"?>
<!-- Generated by org.testng.reporters.JUnitXMLReporter -->
<testsuite hostname="TSPL-DEV209B" ignored="0" name="Test" tests="5" failures="0" timestamp="2019-11-13T15:45:31 IST" time="7.678" errors="0">
  <testcase name="test" time="0.004" classname="TestCases.Testing"/>
  <testcase name="test" time="0.004" classname="TestCases.Testing"/>
  <testcase name="test" time="0.001" classname="TestCases.Testing"/>
  <testcase name="test" time="0.001" classname="TestCases.Testing"/>
  <testcase name="test" time="0.002" classname="TestCases.Testing"/>
</testsuite> <!-- Test -->
